Watching for file changes with StatReloader
C:\Users\HP\Documents\GitHub\Application-gestion-des-commandes\Gestion_imprimante\Application\views.py changed, reloading.
Watching for file changes with StatReloader
Commande ID: 38
POST data: <QueryDict: {'csrfmiddlewaretoken': ['Ap5DbWwgei8bmxI2aArgfP0NRlxQcjaxeNjYBBCMS4nbTLNALTUpTZF5GU53ul4U'], 'designations[]': ['IMPRESSION GRAND FORMAT', 'IMPRESSION OFFSET', 'IMPRESSION UV'], 'categories[0][]': ['Impression sur Bâche', 'Impression sur Vinyle', 'Impression sur Papier', 'Impression sur One Way', 'Impression sur Canvas'], 'quantities[0][]': ['14', '777', '89', '145', '1456'], 'paragraphs[0][]': ['cfgdgfh', 'hhhh', 'fvgbgh', 'gjhik', 'hnjhjhj'], 'categories[1][]': ['Impression sur Papier', 'CV', 'P. entêtes'], 'quantities[1][]': ['144', '', '', '', '145', '1452', '', '', '', '', '', '', '', '', '', '', '', '', '', '', '', '', '', '', '', ''], 'formats[1][]': ['8*8', '', '', '', '8*8', 'nn', '', '', '', '', '', '', '', '', '', '', '', '', '', '', '', '', '', '', '', ''], 'paper_types[1][]': ['', '', '', '', '', '', '', '', '', '', '', '', '', '', '', '', '', '', '', '', '', '', '', '', '', ''], 'grammages[1][]': ['', '', '', '', '', '', '', '', '', '', '', '', '', '', '', '', '', '', '', '', '', '', '', '', '', ''], 'recto_versos[1][]': ['R', 'R', 'R', 'R', 'R', 'R', 'R', 'R', 'R', 'R', 'R', 'R', 'R', 'R', 'R', 'R', 'R', 'R', 'R', 'R', 'R', 'R', 'R', 'R', 'R', 'R'], 'categories[2][]': ['Impression sur du Bois', 'Impression sur Métal', 'Impression sur Plastique', 'Impression sur Verre'], 'quantities[2][]': ['145', '58', '369', '798'], 'paragraphs[2][]': ['jkhnbk,', 'hjjhk', 'jjk', 'jkjk']}>
Designations: ['IMPRESSION GRAND FORMAT', 'IMPRESSION OFFSET', 'IMPRESSION UV']
Processing designation 0: IMPRESSION GRAND FORMAT
Categories for designation 0: ['Impression sur Bâche', 'Impression sur Vinyle', 'Impression sur Papier', 'Impression sur One Way', 'Impression sur Canvas']
Category: Impression sur Bâche, Quantity: 14
Category: Impression sur Vinyle, Quantity: 777
Category: Impression sur Papier, Quantity: 89
Category: Impression sur One Way, Quantity: 145
Category: Impression sur Canvas, Quantity: 1456
Processing designation 1: IMPRESSION OFFSET
Categories for designation 1: ['Impression sur Papier', 'CV', 'P. entêtes']
Category: Impression sur Papier, Quantity: 144
Category: CV, Quantity: 0
Category: P. entêtes, Quantity: 0
Processing designation 2: IMPRESSION UV
Categories for designation 2: ['Impression sur du Bois', 'Impression sur Métal', 'Impression sur Plastique', 'Impression sur Verre']
Category: Impression sur du Bois, Quantity: 145
Category: Impression sur Métal, Quantity: 58
Category: Impression sur Plastique, Quantity: 369
Category: Impression sur Verre, Quantity: 798
STREAM b'IHDR' 16 13
STREAM b'sRGB' 41 1
STREAM b'gAMA' 54 4
STREAM b'pHYs' 70 9
STREAM b'IDAT' 91 41589
Reading 'maxp' table from disk
Decompiling 'maxp' table
Took 0.001s to load 'maxp'
Took 0.000s to prune 'maxp'
maxp pruned
hdmx dropped
Reading 'cmap' table from disk
Decompiling 'cmap' table
Reading 'post' table from disk
Decompiling 'post' table
Reading 'cmap' table from disk
Decompiling 'cmap' table
Took 0.025s to load 'cmap'
Took 0.000s to prune 'cmap'
cmap pruned
fpgm dropped
prep dropped
cvt  dropped
Took 0.000s to load 'post'
Took 0.000s to prune 'post'
post pruned
GPOS dropped
GSUB dropped
Reading 'glyf' table from disk
Decompiling 'glyf' table
Reading 'loca' table from disk
Decompiling 'loca' table
Reading 'head' table from disk
Decompiling 'head' table
Took 0.003s to load 'glyf'
Took 0.000s to prune 'glyf'
glyf pruned
Took 0.000s to close glyph list over 'cmap'
Added gid0 to subset
Closing glyph list over 'glyf': 40 glyphs before
Glyph names: ['.notdef', 'A', 'C', 'D', 'E', 'F', 'I', 'L', 'M', 'N', 'O', 'P', 'Q', 'R', 'S', 'T', 'V', 'a', 'c', 'colon', 'd', 'degree', 'e', 'eacute', 'f', 'g', 'h', 'hyphen', 'i', 'l', 'm', 'n', 'o', 'p', 'r', 's', 'space', 't', 'u', 'x']
Glyph IDs:   [0, 4, 17, 30, 37, 39, 40, 41, 42, 45, 48, 49, 50, 51, 52, 53, 54, 55, 56, 58, 69, 71, 72, 73, 74, 75, 76, 77, 80, 81, 82, 83, 84, 86, 87, 88, 89, 92, 113, 534]
Closed glyph list over 'glyf': 42 glyphs after
Glyph names: ['.notdef', 'A', 'C', 'D', 'E', 'F', 'I', 'L', 'M', 'N', 'O', 'P', 'Q', 'R', 'S', 'T', 'V', 'a', 'acute', 'c', 'colon', 'd', 'degree', 'e', 'eacute', 'f', 'g', 'h', 'hyphen', 'i', 'l', 'm', 'n', 'o', 'p', 'period', 'r', 's', 'space', 't', 'u', 'x']
Glyph IDs:   [0, 4, 17, 18, 30, 37, 39, 40, 41, 42, 45, 48, 49, 50, 51, 52, 53, 54, 55, 56, 58, 69, 71, 72, 73, 74, 75, 76, 77, 80, 81, 82, 83, 84, 86, 87, 88, 89, 92, 113, 117, 534]
Took 0.002s to close glyph list over 'glyf'
Retaining 42 glyphs
head subsetting not needed
hhea subsetting not needed
maxp subsetting not needed
OS/2 subsetting not needed
Reading 'hmtx' table from disk
Decompiling 'hmtx' table
Reading 'hhea' table from disk
Decompiling 'hhea' table
Took 0.002s to subset 'hmtx'
hmtx subsetted
Took 0.000s to subset 'cmap'
cmap subsetted
loca subsetting not needed
Took 0.000s to subset 'post'
post subsetted
gasp subsetting not needed
Reading 'GDEF' table from disk
Decompiling 'GDEF' table
Took 0.002s to subset 'GDEF'
GDEF subsetted
name subsetting not needed
Took 0.001s to subset 'glyf'
glyf subsetted
Took 0.000s to subset GlyphOrder
Took 0.000s to prune 'head'
head pruned
Reading 'OS/2' table from disk
Decompiling 'OS/2' table
OS/2 Unicode ranges pruned: [0, 1]
OS/2 CodePage ranges pruned: [0]
Took 0.001s to prune 'glyf'
glyf pruned
Took 0.000s to prune 'GDEF'
GDEF pruned
Reading 'name' table from disk
Decompiling 'name' table
Reading 'gasp' table from disk
Decompiling 'gasp' table
Took 0.001s to prune 'name'
name pruned
Compiling 'glyf' table
Writing 'glyf' table to disk
Compiling 'maxp' table
Writing 'maxp' table to disk
Compiling 'loca' table
Writing 'loca' table to disk
Compiling 'head' table
Writing 'head' table to disk
Compiling 'hmtx' table
Writing 'hmtx' table to disk
Compiling 'hhea' table
Writing 'hhea' table to disk
Compiling 'OS/2' table
Writing 'OS/2' table to disk
Compiling 'cmap' table
Writing 'cmap' table to disk
Compiling 'name' table
Writing 'name' table to disk
Compiling 'post' table
Writing 'post' table to disk
Compiling 'gasp' table
Writing 'gasp' table to disk
Compiling 'GDEF' table
Writing 'GDEF' table to disk
Reading 'maxp' table from disk
Decompiling 'maxp' table
Took 0.000s to load 'maxp'
Took 0.000s to prune 'maxp'
maxp pruned
hdmx dropped
Reading 'cmap' table from disk
Decompiling 'cmap' table
Reading 'post' table from disk
Decompiling 'post' table
Reading 'cmap' table from disk
Decompiling 'cmap' table
Took 0.006s to load 'cmap'
Took 0.000s to prune 'cmap'
cmap pruned
fpgm dropped
prep dropped
cvt  dropped
Took 0.000s to load 'post'
Took 0.000s to prune 'post'
post pruned
GPOS dropped
GSUB dropped
Reading 'glyf' table from disk
Decompiling 'glyf' table
Reading 'loca' table from disk
Decompiling 'loca' table
Reading 'head' table from disk
Decompiling 'head' table
Took 0.002s to load 'glyf'
Took 0.000s to prune 'glyf'
glyf pruned
Took 0.000s to close glyph list over 'cmap'
Added gid0 to subset
Closing glyph list over 'glyf': 54 glyphs before
Glyph names: ['.notdef', 'B', 'C', 'I', 'M', 'O', 'P', 'R', 'V', 'W', 'a', 'acircumflex', 'asterisk', 'at', 'b', 'c', 'comma', 'd', 'e', 'eacute', 'ecircumflex', 'eight', 'f', 'five', 'four', 'g', 'h', 'hyphen', 'i', 'j', 'k', 'l', 'm', 'n', 'nine', 'o', 'one', 'p', 'period', 'q', 'r', 's', 'seven', 'six', 'slash', 'space', 't', 'three', 'two', 'u', 'v', 'y', 'z', 'zero']
Glyph IDs:   [0, 4, 14, 16, 17, 18, 19, 20, 21, 22, 23, 24, 25, 26, 27, 28, 29, 36, 38, 39, 45, 49, 51, 52, 54, 58, 59, 69, 70, 71, 72, 73, 74, 75, 76, 77, 78, 79, 80, 81, 82, 83, 84, 85, 86, 87, 88, 89, 90, 93, 94, 527, 534, 535]
Closed glyph list over 'glyf': 56 glyphs after
Glyph names: ['.notdef', 'B', 'C', 'I', 'M', 'O', 'P', 'R', 'V', 'W', 'a', 'acircumflex', 'acute', 'asterisk', 'at', 'b', 'c', 'circumflex', 'comma', 'd', 'e', 'eacute', 'ecircumflex', 'eight', 'f', 'five', 'four', 'g', 'h', 'hyphen', 'i', 'j', 'k', 'l', 'm', 'n', 'nine', 'o', 'one', 'p', 'period', 'q', 'r', 's', 'seven', 'six', 'slash', 'space', 't', 'three', 'two', 'u', 'v', 'y', 'z', 'zero']
Glyph IDs:   [0, 4, 14, 16, 17, 18, 19, 20, 21, 22, 23, 24, 25, 26, 27, 28, 29, 36, 38, 39, 45, 49, 51, 52, 54, 58, 59, 69, 70, 71, 72, 73, 74, 75, 76, 77, 78, 79, 80, 81, 82, 83, 84, 85, 86, 87, 88, 89, 90, 93, 94, 117, 158, 527, 534, 535]
Took 0.001s to close glyph list over 'glyf'
Retaining 56 glyphs
head subsetting not needed
hhea subsetting not needed
maxp subsetting not needed
OS/2 subsetting not needed
Reading 'hmtx' table from disk
Decompiling 'hmtx' table
Reading 'hhea' table from disk
Decompiling 'hhea' table
Took 0.001s to subset 'hmtx'
hmtx subsetted
Took 0.000s to subset 'cmap'
cmap subsetted
loca subsetting not needed
Took 0.000s to subset 'post'
post subsetted
gasp subsetting not needed
Reading 'GDEF' table from disk
Decompiling 'GDEF' table
Took 0.002s to subset 'GDEF'
GDEF subsetted
name subsetting not needed
Took 0.001s to subset 'glyf'
glyf subsetted
Took 0.000s to subset GlyphOrder
Took 0.000s to prune 'head'
head pruned
Reading 'OS/2' table from disk
Decompiling 'OS/2' table
OS/2 Unicode ranges pruned: [0, 1]
OS/2 CodePage ranges pruned: [0]
Took 0.001s to prune 'glyf'
glyf pruned
Took 0.000s to prune 'GDEF'
GDEF pruned
Reading 'name' table from disk
Decompiling 'name' table
Reading 'gasp' table from disk
Decompiling 'gasp' table
Took 0.001s to prune 'name'
name pruned
Compiling 'glyf' table
Writing 'glyf' table to disk
Compiling 'maxp' table
Writing 'maxp' table to disk
Compiling 'loca' table
Writing 'loca' table to disk
Compiling 'head' table
Writing 'head' table to disk
Compiling 'hmtx' table
Writing 'hmtx' table to disk
Compiling 'hhea' table
Writing 'hhea' table to disk
Compiling 'OS/2' table
Writing 'OS/2' table to disk
Compiling 'cmap' table
Writing 'cmap' table to disk
Compiling 'name' table
Writing 'name' table to disk
Compiling 'post' table
Writing 'post' table to disk
Compiling 'gasp' table
Writing 'gasp' table to disk
Compiling 'GDEF' table
Writing 'GDEF' table to disk
STREAM b'IHDR' 16 13
STREAM b'sRGB' 41 1
STREAM b'gAMA' 54 4
STREAM b'pHYs' 70 9
STREAM b'IDAT' 91 41589
Error occurred: [Errno 13] Permission denied: 'C:\\Users\\HP\\Documents\\GitHub\\Application-gestion-des-commandes\\Gestion_imprimante\\media\\dossier_travail_38.pdf'
Internal Server Error: /application/designation/38/
Commande ID: 38
POST data: <QueryDict: {'csrfmiddlewaretoken': ['Ap5DbWwgei8bmxI2aArgfP0NRlxQcjaxeNjYBBCMS4nbTLNALTUpTZF5GU53ul4U'], 'designations[]': ['IMPRESSION GRAND FORMAT', 'IMPRESSION OFFSET', 'IMPRESSION UV'], 'categories[0][]': ['Impression sur Bâche', 'Impression sur Vinyle', 'Impression sur Papier', 'Impression sur One Way', 'Impression sur Canvas'], 'quantities[0][]': ['14', '777', '89', '145', '1456'], 'paragraphs[0][]': ['cfgdgfh', 'hhhh', 'fvgbgh', 'gjhik', 'hnjhjhj'], 'categories[1][]': ['Impression sur Papier', 'CV', 'P. entêtes'], 'quantities[1][]': ['144', '', '', '', '145', '1452', '', '', '', '', '', '', '', '', '', '', '', '', '', '', '', '', '', '', '', ''], 'formats[1][]': ['8*8', '', '', '', '8*8', 'nn', '', '', '', '', '', '', '', '', '', '', '', '', '', '', '', '', '', '', '', ''], 'paper_types[1][]': ['', '', '', '', '', '', '', '', '', '', '', '', '', '', '', '', '', '', '', '', '', '', '', '', '', ''], 'grammages[1][]': ['', '', '', '', '', '', '', '', '', '', '', '', '', '', '', '', '', '', '', '', '', '', '', '', '', ''], 'recto_versos[1][]': ['R', 'R', 'R', 'R', 'R', 'R', 'R', 'R', 'R', 'R', 'R', 'R', 'R', 'R', 'R', 'R', 'R', 'R', 'R', 'R', 'R', 'R', 'R', 'R', 'R', 'R'], 'categories[2][]': ['Impression sur du Bois', 'Impression sur Métal', 'Impression sur Plastique', 'Impression sur Verre'], 'quantities[2][]': ['145', '58', '369', '798'], 'paragraphs[2][]': ['jkhnbk,', 'hjjhk', 'jjk', 'jkjk']}>
Designations: ['IMPRESSION GRAND FORMAT', 'IMPRESSION OFFSET', 'IMPRESSION UV']
Processing designation 0: IMPRESSION GRAND FORMAT
Categories for designation 0: ['Impression sur Bâche', 'Impression sur Vinyle', 'Impression sur Papier', 'Impression sur One Way', 'Impression sur Canvas']
Category: Impression sur Bâche, Quantity: 14
Category: Impression sur Vinyle, Quantity: 777
Category: Impression sur Papier, Quantity: 89
Category: Impression sur One Way, Quantity: 145
Category: Impression sur Canvas, Quantity: 1456
Processing designation 1: IMPRESSION OFFSET
Categories for designation 1: ['Impression sur Papier', 'CV', 'P. entêtes']
Category: Impression sur Papier, Quantity: 144
Category: CV, Quantity: 0
Category: P. entêtes, Quantity: 0
Processing designation 2: IMPRESSION UV
Categories for designation 2: ['Impression sur du Bois', 'Impression sur Métal', 'Impression sur Plastique', 'Impression sur Verre']
Category: Impression sur du Bois, Quantity: 145
Category: Impression sur Métal, Quantity: 58
Category: Impression sur Plastique, Quantity: 369
Category: Impression sur Verre, Quantity: 798
STREAM b'IHDR' 16 13
STREAM b'sRGB' 41 1
STREAM b'gAMA' 54 4
STREAM b'pHYs' 70 9
STREAM b'IDAT' 91 41589
Reading 'maxp' table from disk
Decompiling 'maxp' table
Took 0.000s to load 'maxp'
Took 0.000s to prune 'maxp'
maxp pruned
hdmx dropped
Reading 'cmap' table from disk
Decompiling 'cmap' table
Reading 'post' table from disk
Decompiling 'post' table
Reading 'cmap' table from disk
Decompiling 'cmap' table
Took 0.007s to load 'cmap'
Took 0.000s to prune 'cmap'
cmap pruned
fpgm dropped
prep dropped
cvt  dropped
Took 0.000s to load 'post'
Took 0.000s to prune 'post'
post pruned
GPOS dropped
GSUB dropped
Reading 'glyf' table from disk
Decompiling 'glyf' table
Reading 'loca' table from disk
Decompiling 'loca' table
Reading 'head' table from disk
Decompiling 'head' table
Took 0.002s to load 'glyf'
Took 0.000s to prune 'glyf'
glyf pruned
Took 0.000s to close glyph list over 'cmap'
Added gid0 to subset
Closing glyph list over 'glyf': 40 glyphs before
Glyph names: ['.notdef', 'A', 'C', 'D', 'E', 'F', 'I', 'L', 'M', 'N', 'O', 'P', 'Q', 'R', 'S', 'T', 'V', 'a', 'c', 'colon', 'd', 'degree', 'e', 'eacute', 'f', 'g', 'h', 'hyphen', 'i', 'l', 'm', 'n', 'o', 'p', 'r', 's', 'space', 't', 'u', 'x']
Glyph IDs:   [0, 4, 17, 30, 37, 39, 40, 41, 42, 45, 48, 49, 50, 51, 52, 53, 54, 55, 56, 58, 69, 71, 72, 73, 74, 75, 76, 77, 80, 81, 82, 83, 84, 86, 87, 88, 89, 92, 113, 534]
Closed glyph list over 'glyf': 42 glyphs after
Glyph names: ['.notdef', 'A', 'C', 'D', 'E', 'F', 'I', 'L', 'M', 'N', 'O', 'P', 'Q', 'R', 'S', 'T', 'V', 'a', 'acute', 'c', 'colon', 'd', 'degree', 'e', 'eacute', 'f', 'g', 'h', 'hyphen', 'i', 'l', 'm', 'n', 'o', 'p', 'period', 'r', 's', 'space', 't', 'u', 'x']
Glyph IDs:   [0, 4, 17, 18, 30, 37, 39, 40, 41, 42, 45, 48, 49, 50, 51, 52, 53, 54, 55, 56, 58, 69, 71, 72, 73, 74, 75, 76, 77, 80, 81, 82, 83, 84, 86, 87, 88, 89, 92, 113, 117, 534]
Took 0.001s to close glyph list over 'glyf'
Retaining 42 glyphs
head subsetting not needed
hhea subsetting not needed
maxp subsetting not needed
OS/2 subsetting not needed
Reading 'hmtx' table from disk
Decompiling 'hmtx' table
Reading 'hhea' table from disk
Decompiling 'hhea' table
Took 0.002s to subset 'hmtx'
hmtx subsetted
Took 0.000s to subset 'cmap'
cmap subsetted
loca subsetting not needed
Took 0.000s to subset 'post'
post subsetted
gasp subsetting not needed
Reading 'GDEF' table from disk
Decompiling 'GDEF' table
Took 0.001s to subset 'GDEF'
GDEF subsetted
name subsetting not needed
Took 0.001s to subset 'glyf'
glyf subsetted
Took 0.000s to subset GlyphOrder
Took 0.000s to prune 'head'
head pruned
Reading 'OS/2' table from disk
Decompiling 'OS/2' table
OS/2 Unicode ranges pruned: [0, 1]
OS/2 CodePage ranges pruned: [0]
Took 0.000s to prune 'glyf'
glyf pruned
Took 0.000s to prune 'GDEF'
GDEF pruned
Reading 'name' table from disk
Decompiling 'name' table
Reading 'gasp' table from disk
Decompiling 'gasp' table
Took 0.001s to prune 'name'
name pruned
Compiling 'glyf' table
Writing 'glyf' table to disk
Compiling 'maxp' table
Writing 'maxp' table to disk
Compiling 'loca' table
Writing 'loca' table to disk
Compiling 'head' table
Writing 'head' table to disk
Compiling 'hmtx' table
Writing 'hmtx' table to disk
Compiling 'hhea' table
Writing 'hhea' table to disk
Compiling 'OS/2' table
Writing 'OS/2' table to disk
Compiling 'cmap' table
Writing 'cmap' table to disk
Compiling 'name' table
Writing 'name' table to disk
Compiling 'post' table
Writing 'post' table to disk
Compiling 'gasp' table
Writing 'gasp' table to disk
Compiling 'GDEF' table
Writing 'GDEF' table to disk
Reading 'maxp' table from disk
Decompiling 'maxp' table
Took 0.000s to load 'maxp'
Took 0.000s to prune 'maxp'
maxp pruned
hdmx dropped
Reading 'cmap' table from disk
Decompiling 'cmap' table
Reading 'post' table from disk
Decompiling 'post' table
Reading 'cmap' table from disk
Decompiling 'cmap' table
Took 0.006s to load 'cmap'
Took 0.000s to prune 'cmap'
cmap pruned
fpgm dropped
prep dropped
cvt  dropped
Took 0.000s to load 'post'
Took 0.000s to prune 'post'
post pruned
GPOS dropped
GSUB dropped
Reading 'glyf' table from disk
Decompiling 'glyf' table
Reading 'loca' table from disk
Decompiling 'loca' table
Reading 'head' table from disk
Decompiling 'head' table
Took 0.002s to load 'glyf'
Took 0.000s to prune 'glyf'
glyf pruned
Took 0.000s to close glyph list over 'cmap'
Added gid0 to subset
Closing glyph list over 'glyf': 54 glyphs before
Glyph names: ['.notdef', 'B', 'C', 'I', 'M', 'O', 'P', 'R', 'V', 'W', 'a', 'acircumflex', 'asterisk', 'at', 'b', 'c', 'comma', 'd', 'e', 'eacute', 'ecircumflex', 'eight', 'f', 'five', 'four', 'g', 'h', 'hyphen', 'i', 'j', 'k', 'l', 'm', 'n', 'nine', 'o', 'one', 'p', 'period', 'q', 'r', 's', 'seven', 'six', 'slash', 'space', 't', 'three', 'two', 'u', 'v', 'y', 'z', 'zero']
Glyph IDs:   [0, 4, 14, 16, 17, 18, 19, 20, 21, 22, 23, 24, 25, 26, 27, 28, 29, 36, 38, 39, 45, 49, 51, 52, 54, 58, 59, 69, 70, 71, 72, 73, 74, 75, 76, 77, 78, 79, 80, 81, 82, 83, 84, 85, 86, 87, 88, 89, 90, 93, 94, 527, 534, 535]
Closed glyph list over 'glyf': 56 glyphs after
Glyph names: ['.notdef', 'B', 'C', 'I', 'M', 'O', 'P', 'R', 'V', 'W', 'a', 'acircumflex', 'acute', 'asterisk', 'at', 'b', 'c', 'circumflex', 'comma', 'd', 'e', 'eacute', 'ecircumflex', 'eight', 'f', 'five', 'four', 'g', 'h', 'hyphen', 'i', 'j', 'k', 'l', 'm', 'n', 'nine', 'o', 'one', 'p', 'period', 'q', 'r', 's', 'seven', 'six', 'slash', 'space', 't', 'three', 'two', 'u', 'v', 'y', 'z', 'zero']
Glyph IDs:   [0, 4, 14, 16, 17, 18, 19, 20, 21, 22, 23, 24, 25, 26, 27, 28, 29, 36, 38, 39, 45, 49, 51, 52, 54, 58, 59, 69, 70, 71, 72, 73, 74, 75, 76, 77, 78, 79, 80, 81, 82, 83, 84, 85, 86, 87, 88, 89, 90, 93, 94, 117, 158, 527, 534, 535]
Took 0.001s to close glyph list over 'glyf'
Retaining 56 glyphs
head subsetting not needed
hhea subsetting not needed
maxp subsetting not needed
OS/2 subsetting not needed
Reading 'hmtx' table from disk
Decompiling 'hmtx' table
Reading 'hhea' table from disk
Decompiling 'hhea' table
Took 0.001s to subset 'hmtx'
hmtx subsetted
Took 0.000s to subset 'cmap'
cmap subsetted
loca subsetting not needed
Took 0.000s to subset 'post'
post subsetted
gasp subsetting not needed
Reading 'GDEF' table from disk
Decompiling 'GDEF' table
Took 0.001s to subset 'GDEF'
GDEF subsetted
name subsetting not needed
Took 0.001s to subset 'glyf'
glyf subsetted
Took 0.000s to subset GlyphOrder
Took 0.000s to prune 'head'
head pruned
Reading 'OS/2' table from disk
Decompiling 'OS/2' table
OS/2 Unicode ranges pruned: [0, 1]
OS/2 CodePage ranges pruned: [0]
Took 0.001s to prune 'glyf'
glyf pruned
Took 0.000s to prune 'GDEF'
GDEF pruned
Reading 'name' table from disk
Decompiling 'name' table
Reading 'gasp' table from disk
Decompiling 'gasp' table
Took 0.001s to prune 'name'
name pruned
Compiling 'glyf' table
Writing 'glyf' table to disk
Compiling 'maxp' table
Writing 'maxp' table to disk
Compiling 'loca' table
Writing 'loca' table to disk
Compiling 'head' table
Writing 'head' table to disk
Compiling 'hmtx' table
Writing 'hmtx' table to disk
Compiling 'hhea' table
Writing 'hhea' table to disk
Compiling 'OS/2' table
Writing 'OS/2' table to disk
Compiling 'cmap' table
Writing 'cmap' table to disk
Compiling 'name' table
Writing 'name' table to disk
Compiling 'post' table
Writing 'post' table to disk
Compiling 'gasp' table
Writing 'gasp' table to disk
Compiling 'GDEF' table
Writing 'GDEF' table to disk
STREAM b'IHDR' 16 13
STREAM b'sRGB' 41 1
STREAM b'gAMA' 54 4
STREAM b'pHYs' 70 9
STREAM b'IDAT' 91 41589
C:\Users\HP\Documents\GitHub\Application-gestion-des-commandes\Gestion_imprimante\Application\forms.py changed, reloading.
Watching for file changes with StatReloader
C:\Users\HP\Documents\GitHub\Application-gestion-des-commandes\Gestion_imprimante\Application\views.py changed, reloading.
Watching for file changes with StatReloader
Commande ID: 38
POST data: <QueryDict: {'csrfmiddlewaretoken': ['GosLD8w8MFECZP8XRXmCoWlSSiRQAtyXkMG63NCEqrTCw3dvsgPL260aHRp3Svsk'], 'designations[]': ['IMPRESSION GRAND FORMAT', 'DÉCOUPE LASER PETIT ET GRAND FORMAT'], 'categories[0][]': ['Impression sur Bâche', 'Impression sur Vinyle', 'Impression sur Papier', 'Impression sur One Way', 'Impression sur Canvas'], 'quantities[0][]': ['78', '145', '785', '489', '799'], 'paragraphs[0][]': ['fgvhg', 'nnnnn', 'kol', 'nbgh', 'edft'], 'categories[1][]': ['Découpe et gravure sur Bois', 'Découpe et gravure sur Métal', 'Découpe et gravure sur Plastique', 'Gravure sur Verre'], 'quantities[1][]': ['789', '147', '36', '89'], 'paragraphs[1][]': ['lmp', 'fgt', 'jjjj', 'hhhh']}>
Designations: ['IMPRESSION GRAND FORMAT', 'DÉCOUPE LASER PETIT ET GRAND FORMAT']
Processing designation 0: IMPRESSION GRAND FORMAT
Categories for designation 0: ['Impression sur Bâche', 'Impression sur Vinyle', 'Impression sur Papier', 'Impression sur One Way', 'Impression sur Canvas']
Category: Impression sur Bâche, Quantity: 78
Category: Impression sur Vinyle, Quantity: 145
Category: Impression sur Papier, Quantity: 785
Category: Impression sur One Way, Quantity: 489
Category: Impression sur Canvas, Quantity: 799
Processing designation 1: DÉCOUPE LASER PETIT ET GRAND FORMAT
Categories for designation 1: ['Découpe et gravure sur Bois', 'Découpe et gravure sur Métal', 'Découpe et gravure sur Plastique', 'Gravure sur Verre']
Category: Découpe et gravure sur Bois, Quantity: 789
Category: Découpe et gravure sur Métal, Quantity: 147
Category: Découpe et gravure sur Plastique, Quantity: 36
Category: Gravure sur Verre, Quantity: 89
STREAM b'IHDR' 16 13
STREAM b'sRGB' 41 1
STREAM b'gAMA' 54 4
STREAM b'pHYs' 70 9
STREAM b'IDAT' 91 41589
Reading 'maxp' table from disk
Decompiling 'maxp' table
Took 0.001s to load 'maxp'
Took 0.000s to prune 'maxp'
maxp pruned
hdmx dropped
Reading 'cmap' table from disk
Decompiling 'cmap' table
Reading 'post' table from disk
Decompiling 'post' table
Reading 'cmap' table from disk
Decompiling 'cmap' table
Took 0.025s to load 'cmap'
Took 0.000s to prune 'cmap'
cmap pruned
fpgm dropped
prep dropped
cvt  dropped
Took 0.000s to load 'post'
Took 0.000s to prune 'post'
post pruned
GPOS dropped
GSUB dropped
Reading 'glyf' table from disk
Decompiling 'glyf' table
Reading 'loca' table from disk
Decompiling 'loca' table
Reading 'head' table from disk
Decompiling 'head' table
Took 0.002s to load 'glyf'
Took 0.000s to prune 'glyf'
glyf pruned
Took 0.000s to close glyph list over 'cmap'
Added gid0 to subset
Closing glyph list over 'glyf': 40 glyphs before
Glyph names: ['.notdef', 'A', 'C', 'D', 'E', 'F', 'I', 'L', 'M', 'N', 'O', 'P', 'Q', 'R', 'S', 'T', 'V', 'a', 'c', 'colon', 'd', 'degree', 'e', 'eacute', 'f', 'g', 'h', 'hyphen', 'i', 'l', 'm', 'n', 'o', 'p', 'r', 's', 'space', 't', 'u', 'x']
Glyph IDs:   [0, 4, 17, 30, 37, 39, 40, 41, 42, 45, 48, 49, 50, 51, 52, 53, 54, 55, 56, 58, 69, 71, 72, 73, 74, 75, 76, 77, 80, 81, 82, 83, 84, 86, 87, 88, 89, 92, 113, 534]
Closed glyph list over 'glyf': 42 glyphs after
Glyph names: ['.notdef', 'A', 'C', 'D', 'E', 'F', 'I', 'L', 'M', 'N', 'O', 'P', 'Q', 'R', 'S', 'T', 'V', 'a', 'acute', 'c', 'colon', 'd', 'degree', 'e', 'eacute', 'f', 'g', 'h', 'hyphen', 'i', 'l', 'm', 'n', 'o', 'p', 'period', 'r', 's', 'space', 't', 'u', 'x']
Glyph IDs:   [0, 4, 17, 18, 30, 37, 39, 40, 41, 42, 45, 48, 49, 50, 51, 52, 53, 54, 55, 56, 58, 69, 71, 72, 73, 74, 75, 76, 77, 80, 81, 82, 83, 84, 86, 87, 88, 89, 92, 113, 117, 534]
Took 0.002s to close glyph list over 'glyf'
Retaining 42 glyphs
head subsetting not needed
hhea subsetting not needed
maxp subsetting not needed
OS/2 subsetting not needed
Reading 'hmtx' table from disk
Decompiling 'hmtx' table
Reading 'hhea' table from disk
Decompiling 'hhea' table
Took 0.003s to subset 'hmtx'
hmtx subsetted
Took 0.000s to subset 'cmap'
cmap subsetted
loca subsetting not needed
Took 0.000s to subset 'post'
post subsetted
gasp subsetting not needed
Reading 'GDEF' table from disk
Decompiling 'GDEF' table
Took 0.002s to subset 'GDEF'
GDEF subsetted
name subsetting not needed
Took 0.001s to subset 'glyf'
glyf subsetted
Took 0.000s to subset GlyphOrder
Took 0.000s to prune 'head'
head pruned
Reading 'OS/2' table from disk
Decompiling 'OS/2' table
OS/2 Unicode ranges pruned: [0, 1]
OS/2 CodePage ranges pruned: [0]
Took 0.001s to prune 'glyf'
glyf pruned
Took 0.000s to prune 'GDEF'
GDEF pruned
Reading 'name' table from disk
Decompiling 'name' table
Reading 'gasp' table from disk
Decompiling 'gasp' table
Took 0.001s to prune 'name'
name pruned
Compiling 'glyf' table
Writing 'glyf' table to disk
Compiling 'maxp' table
Writing 'maxp' table to disk
Compiling 'loca' table
Writing 'loca' table to disk
Compiling 'head' table
Writing 'head' table to disk
Compiling 'hmtx' table
Writing 'hmtx' table to disk
Compiling 'hhea' table
Writing 'hhea' table to disk
Compiling 'OS/2' table
Writing 'OS/2' table to disk
Compiling 'cmap' table
Writing 'cmap' table to disk
Compiling 'name' table
Writing 'name' table to disk
Compiling 'post' table
Writing 'post' table to disk
Compiling 'gasp' table
Writing 'gasp' table to disk
Compiling 'GDEF' table
Writing 'GDEF' table to disk
Reading 'maxp' table from disk
Decompiling 'maxp' table
Took 0.000s to load 'maxp'
Took 0.000s to prune 'maxp'
maxp pruned
hdmx dropped
Reading 'cmap' table from disk
Decompiling 'cmap' table
Reading 'post' table from disk
Decompiling 'post' table
Reading 'cmap' table from disk
Decompiling 'cmap' table
Took 0.006s to load 'cmap'
Took 0.000s to prune 'cmap'
cmap pruned
fpgm dropped
prep dropped
cvt  dropped
Took 0.000s to load 'post'
Took 0.000s to prune 'post'
post pruned
GPOS dropped
GSUB dropped
Reading 'glyf' table from disk
Decompiling 'glyf' table
Reading 'loca' table from disk
Decompiling 'loca' table
Reading 'head' table from disk
Decompiling 'head' table
Took 0.002s to load 'glyf'
Took 0.000s to prune 'glyf'
glyf pruned
Took 0.000s to close glyph list over 'cmap'
Added gid0 to subset
Closing glyph list over 'glyf': 53 glyphs before
Glyph names: ['.notdef', 'B', 'C', 'D', 'G', 'I', 'M', 'O', 'P', 'V', 'W', 'a', 'acircumflex', 'asterisk', 'at', 'b', 'c', 'd', 'e', 'eacute', 'eight', 'f', 'five', 'four', 'g', 'h', 'hyphen', 'i', 'j', 'k', 'l', 'm', 'n', 'nine', 'o', 'one', 'p', 'period', 'q', 'r', 's', 'seven', 'six', 'slash', 'space', 't', 'three', 'two', 'u', 'v', 'y', 'z', 'zero']
Glyph IDs:   [0, 4, 14, 17, 18, 19, 20, 21, 22, 23, 24, 25, 26, 27, 28, 29, 36, 38, 39, 40, 43, 45, 49, 51, 52, 58, 59, 69, 70, 71, 72, 73, 74, 75, 76, 77, 78, 79, 80, 81, 82, 83, 84, 85, 86, 87, 88, 89, 90, 93, 94, 527, 534]
Closed glyph list over 'glyf': 55 glyphs after
Glyph names: ['.notdef', 'B', 'C', 'D', 'G', 'I', 'M', 'O', 'P', 'V', 'W', 'a', 'acircumflex', 'acute', 'asterisk', 'at', 'b', 'c', 'circumflex', 'd', 'e', 'eacute', 'eight', 'f', 'five', 'four', 'g', 'h', 'hyphen', 'i', 'j', 'k', 'l', 'm', 'n', 'nine', 'o', 'one', 'p', 'period', 'q', 'r', 's', 'seven', 'six', 'slash', 'space', 't', 'three', 'two', 'u', 'v', 'y', 'z', 'zero']
Glyph IDs:   [0, 4, 14, 17, 18, 19, 20, 21, 22, 23, 24, 25, 26, 27, 28, 29, 36, 38, 39, 40, 43, 45, 49, 51, 52, 58, 59, 69, 70, 71, 72, 73, 74, 75, 76, 77, 78, 79, 80, 81, 82, 83, 84, 85, 86, 87, 88, 89, 90, 93, 94, 117, 158, 527, 534]
Took 0.003s to close glyph list over 'glyf'
Retaining 55 glyphs
head subsetting not needed
hhea subsetting not needed
maxp subsetting not needed
OS/2 subsetting not needed
Reading 'hmtx' table from disk
Decompiling 'hmtx' table
Reading 'hhea' table from disk
Decompiling 'hhea' table
Took 0.001s to subset 'hmtx'
hmtx subsetted
Took 0.000s to subset 'cmap'
cmap subsetted
loca subsetting not needed
Took 0.000s to subset 'post'
post subsetted
gasp subsetting not needed
Reading 'GDEF' table from disk
Decompiling 'GDEF' table
Took 0.001s to subset 'GDEF'
GDEF subsetted
name subsetting not needed
Took 0.000s to subset 'glyf'
glyf subsetted
Took 0.000s to subset GlyphOrder
Took 0.000s to prune 'head'
head pruned
Reading 'OS/2' table from disk
Decompiling 'OS/2' table
OS/2 Unicode ranges pruned: [0, 1]
OS/2 CodePage ranges pruned: [0]
Took 0.001s to prune 'glyf'
glyf pruned
Took 0.000s to prune 'GDEF'
GDEF pruned
Reading 'name' table from disk
Decompiling 'name' table
Reading 'gasp' table from disk
Decompiling 'gasp' table
Took 0.001s to prune 'name'
name pruned
Compiling 'glyf' table
Writing 'glyf' table to disk
Compiling 'maxp' table
Writing 'maxp' table to disk
Compiling 'loca' table
Writing 'loca' table to disk
Compiling 'head' table
Writing 'head' table to disk
Compiling 'hmtx' table
Writing 'hmtx' table to disk
Compiling 'hhea' table
Writing 'hhea' table to disk
Compiling 'OS/2' table
Writing 'OS/2' table to disk
Compiling 'cmap' table
Writing 'cmap' table to disk
Compiling 'name' table
Writing 'name' table to disk
Compiling 'post' table
Writing 'post' table to disk
Compiling 'gasp' table
Writing 'gasp' table to disk
Compiling 'GDEF' table
Writing 'GDEF' table to disk
STREAM b'IHDR' 16 13
STREAM b'sRGB' 41 1
STREAM b'gAMA' 54 4
STREAM b'pHYs' 70 9
STREAM b'IDAT' 91 41589
Error occurred: [Errno 13] Permission denied: 'C:\\Users\\HP\\Documents\\GitHub\\Application-gestion-des-commandes\\Gestion_imprimante\\media\\dossier_travail_38.pdf'
Internal Server Error: /application/designation/38/
Commande ID: 38
POST data: <QueryDict: {'csrfmiddlewaretoken': ['GosLD8w8MFECZP8XRXmCoWlSSiRQAtyXkMG63NCEqrTCw3dvsgPL260aHRp3Svsk'], 'designations[]': ['IMPRESSION GRAND FORMAT', 'DÉCOUPE LASER PETIT ET GRAND FORMAT'], 'categories[0][]': ['Impression sur Bâche', 'Impression sur Vinyle', 'Impression sur Papier', 'Impression sur One Way', 'Impression sur Canvas'], 'quantities[0][]': ['78', '145', '785', '489', '799'], 'paragraphs[0][]': ['fgvhg', 'nnnnn', 'kol', 'nbgh', 'edft'], 'categories[1][]': ['Découpe et gravure sur Bois', 'Découpe et gravure sur Métal', 'Découpe et gravure sur Plastique', 'Gravure sur Verre'], 'quantities[1][]': ['789', '147', '36', '89'], 'paragraphs[1][]': ['lmp', 'fgt', 'jjjj', 'hhhh']}>
Designations: ['IMPRESSION GRAND FORMAT', 'DÉCOUPE LASER PETIT ET GRAND FORMAT']
Processing designation 0: IMPRESSION GRAND FORMAT
Categories for designation 0: ['Impression sur Bâche', 'Impression sur Vinyle', 'Impression sur Papier', 'Impression sur One Way', 'Impression sur Canvas']
Category: Impression sur Bâche, Quantity: 78
Category: Impression sur Vinyle, Quantity: 145
Category: Impression sur Papier, Quantity: 785
Category: Impression sur One Way, Quantity: 489
Category: Impression sur Canvas, Quantity: 799
Processing designation 1: DÉCOUPE LASER PETIT ET GRAND FORMAT
Categories for designation 1: ['Découpe et gravure sur Bois', 'Découpe et gravure sur Métal', 'Découpe et gravure sur Plastique', 'Gravure sur Verre']
Category: Découpe et gravure sur Bois, Quantity: 789
Category: Découpe et gravure sur Métal, Quantity: 147
Category: Découpe et gravure sur Plastique, Quantity: 36
Category: Gravure sur Verre, Quantity: 89
STREAM b'IHDR' 16 13
STREAM b'sRGB' 41 1
STREAM b'gAMA' 54 4
STREAM b'pHYs' 70 9
STREAM b'IDAT' 91 41589
Reading 'maxp' table from disk
Decompiling 'maxp' table
Took 0.001s to load 'maxp'
Took 0.000s to prune 'maxp'
maxp pruned
hdmx dropped
Reading 'cmap' table from disk
Decompiling 'cmap' table
Reading 'post' table from disk
Decompiling 'post' table
Reading 'cmap' table from disk
Decompiling 'cmap' table
Took 0.007s to load 'cmap'
Took 0.000s to prune 'cmap'
cmap pruned
fpgm dropped
prep dropped
cvt  dropped
Took 0.000s to load 'post'
Took 0.000s to prune 'post'
post pruned
GPOS dropped
GSUB dropped
Reading 'glyf' table from disk
Decompiling 'glyf' table
Reading 'loca' table from disk
Decompiling 'loca' table
Reading 'head' table from disk
Decompiling 'head' table
Took 0.002s to load 'glyf'
Took 0.000s to prune 'glyf'
glyf pruned
Took 0.000s to close glyph list over 'cmap'
Added gid0 to subset
Closing glyph list over 'glyf': 40 glyphs before
Glyph names: ['.notdef', 'A', 'C', 'D', 'E', 'F', 'I', 'L', 'M', 'N', 'O', 'P', 'Q', 'R', 'S', 'T', 'V', 'a', 'c', 'colon', 'd', 'degree', 'e', 'eacute', 'f', 'g', 'h', 'hyphen', 'i', 'l', 'm', 'n', 'o', 'p', 'r', 's', 'space', 't', 'u', 'x']
Glyph IDs:   [0, 4, 17, 30, 37, 39, 40, 41, 42, 45, 48, 49, 50, 51, 52, 53, 54, 55, 56, 58, 69, 71, 72, 73, 74, 75, 76, 77, 80, 81, 82, 83, 84, 86, 87, 88, 89, 92, 113, 534]
Closed glyph list over 'glyf': 42 glyphs after
Glyph names: ['.notdef', 'A', 'C', 'D', 'E', 'F', 'I', 'L', 'M', 'N', 'O', 'P', 'Q', 'R', 'S', 'T', 'V', 'a', 'acute', 'c', 'colon', 'd', 'degree', 'e', 'eacute', 'f', 'g', 'h', 'hyphen', 'i', 'l', 'm', 'n', 'o', 'p', 'period', 'r', 's', 'space', 't', 'u', 'x']
Glyph IDs:   [0, 4, 17, 18, 30, 37, 39, 40, 41, 42, 45, 48, 49, 50, 51, 52, 53, 54, 55, 56, 58, 69, 71, 72, 73, 74, 75, 76, 77, 80, 81, 82, 83, 84, 86, 87, 88, 89, 92, 113, 117, 534]
Took 0.001s to close glyph list over 'glyf'
Retaining 42 glyphs
head subsetting not needed
hhea subsetting not needed
maxp subsetting not needed
OS/2 subsetting not needed
Reading 'hmtx' table from disk
Decompiling 'hmtx' table
Reading 'hhea' table from disk
Decompiling 'hhea' table
Took 0.002s to subset 'hmtx'
hmtx subsetted
Took 0.000s to subset 'cmap'
cmap subsetted
loca subsetting not needed
Took 0.000s to subset 'post'
post subsetted
gasp subsetting not needed
Reading 'GDEF' table from disk
Decompiling 'GDEF' table
Took 0.002s to subset 'GDEF'
GDEF subsetted
name subsetting not needed
Took 0.001s to subset 'glyf'
glyf subsetted
Took 0.000s to subset GlyphOrder
Took 0.000s to prune 'head'
head pruned
Reading 'OS/2' table from disk
Decompiling 'OS/2' table
OS/2 Unicode ranges pruned: [0, 1]
OS/2 CodePage ranges pruned: [0]
Took 0.001s to prune 'glyf'
glyf pruned
Took 0.000s to prune 'GDEF'
GDEF pruned
Reading 'name' table from disk
Decompiling 'name' table
Reading 'gasp' table from disk
Decompiling 'gasp' table
Took 0.001s to prune 'name'
name pruned
Compiling 'glyf' table
Writing 'glyf' table to disk
Compiling 'maxp' table
Writing 'maxp' table to disk
Compiling 'loca' table
Writing 'loca' table to disk
Compiling 'head' table
Writing 'head' table to disk
Compiling 'hmtx' table
Writing 'hmtx' table to disk
Compiling 'hhea' table
Writing 'hhea' table to disk
Compiling 'OS/2' table
Writing 'OS/2' table to disk
Compiling 'cmap' table
Writing 'cmap' table to disk
Compiling 'name' table
Writing 'name' table to disk
Compiling 'post' table
Writing 'post' table to disk
Compiling 'gasp' table
Writing 'gasp' table to disk
Compiling 'GDEF' table
Writing 'GDEF' table to disk
Reading 'maxp' table from disk
Decompiling 'maxp' table
Took 0.000s to load 'maxp'
Took 0.000s to prune 'maxp'
maxp pruned
hdmx dropped
Reading 'cmap' table from disk
Decompiling 'cmap' table
Reading 'post' table from disk
Decompiling 'post' table
Reading 'cmap' table from disk
Decompiling 'cmap' table
Took 0.008s to load 'cmap'
Took 0.000s to prune 'cmap'
cmap pruned
fpgm dropped
prep dropped
cvt  dropped
Took 0.000s to load 'post'
Took 0.000s to prune 'post'
post pruned
GPOS dropped
GSUB dropped
Reading 'glyf' table from disk
Decompiling 'glyf' table
Reading 'loca' table from disk
Decompiling 'loca' table
Reading 'head' table from disk
Decompiling 'head' table
Took 0.002s to load 'glyf'
Took 0.000s to prune 'glyf'
glyf pruned
Took 0.000s to close glyph list over 'cmap'
Added gid0 to subset
Closing glyph list over 'glyf': 53 glyphs before
Glyph names: ['.notdef', 'B', 'C', 'D', 'G', 'I', 'M', 'O', 'P', 'V', 'W', 'a', 'acircumflex', 'asterisk', 'at', 'b', 'c', 'd', 'e', 'eacute', 'eight', 'f', 'five', 'four', 'g', 'h', 'hyphen', 'i', 'j', 'k', 'l', 'm', 'n', 'nine', 'o', 'one', 'p', 'period', 'q', 'r', 's', 'seven', 'six', 'slash', 'space', 't', 'three', 'two', 'u', 'v', 'y', 'z', 'zero']
Glyph IDs:   [0, 4, 14, 17, 18, 19, 20, 21, 22, 23, 24, 25, 26, 27, 28, 29, 36, 38, 39, 40, 43, 45, 49, 51, 52, 58, 59, 69, 70, 71, 72, 73, 74, 75, 76, 77, 78, 79, 80, 81, 82, 83, 84, 85, 86, 87, 88, 89, 90, 93, 94, 527, 534]
Closed glyph list over 'glyf': 55 glyphs after
Glyph names: ['.notdef', 'B', 'C', 'D', 'G', 'I', 'M', 'O', 'P', 'V', 'W', 'a', 'acircumflex', 'acute', 'asterisk', 'at', 'b', 'c', 'circumflex', 'd', 'e', 'eacute', 'eight', 'f', 'five', 'four', 'g', 'h', 'hyphen', 'i', 'j', 'k', 'l', 'm', 'n', 'nine', 'o', 'one', 'p', 'period', 'q', 'r', 's', 'seven', 'six', 'slash', 'space', 't', 'three', 'two', 'u', 'v', 'y', 'z', 'zero']
Glyph IDs:   [0, 4, 14, 17, 18, 19, 20, 21, 22, 23, 24, 25, 26, 27, 28, 29, 36, 38, 39, 40, 43, 45, 49, 51, 52, 58, 59, 69, 70, 71, 72, 73, 74, 75, 76, 77, 78, 79, 80, 81, 82, 83, 84, 85, 86, 87, 88, 89, 90, 93, 94, 117, 158, 527, 534]
Took 0.001s to close glyph list over 'glyf'
Retaining 55 glyphs
head subsetting not needed
hhea subsetting not needed
maxp subsetting not needed
OS/2 subsetting not needed
Reading 'hmtx' table from disk
Decompiling 'hmtx' table
Reading 'hhea' table from disk
Decompiling 'hhea' table
Took 0.001s to subset 'hmtx'
hmtx subsetted
Took 0.000s to subset 'cmap'
cmap subsetted
loca subsetting not needed
Took 0.000s to subset 'post'
post subsetted
gasp subsetting not needed
Reading 'GDEF' table from disk
Decompiling 'GDEF' table
Took 0.002s to subset 'GDEF'
GDEF subsetted
name subsetting not needed
Took 0.001s to subset 'glyf'
glyf subsetted
Took 0.000s to subset GlyphOrder
Took 0.000s to prune 'head'
head pruned
Reading 'OS/2' table from disk
Decompiling 'OS/2' table
OS/2 Unicode ranges pruned: [0, 1]
OS/2 CodePage ranges pruned: [0]
Took 0.001s to prune 'glyf'
glyf pruned
Took 0.000s to prune 'GDEF'
GDEF pruned
Reading 'name' table from disk
Decompiling 'name' table
Reading 'gasp' table from disk
Decompiling 'gasp' table
Took 0.001s to prune 'name'
name pruned
Compiling 'glyf' table
Writing 'glyf' table to disk
Compiling 'maxp' table
Writing 'maxp' table to disk
Compiling 'loca' table
Writing 'loca' table to disk
Compiling 'head' table
Writing 'head' table to disk
Compiling 'hmtx' table
Writing 'hmtx' table to disk
Compiling 'hhea' table
Writing 'hhea' table to disk
Compiling 'OS/2' table
Writing 'OS/2' table to disk
Compiling 'cmap' table
Writing 'cmap' table to disk
Compiling 'name' table
Writing 'name' table to disk
Compiling 'post' table
Writing 'post' table to disk
Compiling 'gasp' table
Writing 'gasp' table to disk
Compiling 'GDEF' table
Writing 'GDEF' table to disk
STREAM b'IHDR' 16 13
STREAM b'sRGB' 41 1
STREAM b'gAMA' 54 4
STREAM b'pHYs' 70 9
STREAM b'IDAT' 91 41589
Commande ID: 38
POST data: <QueryDict: {'csrfmiddlewaretoken': ['csYTrVllYKeIi8KrLuatSwAgkjSHpWuuQQceRArRCwtIPmPZmNDCwGfy9SqUHYoR'], 'designations[]': ['IMPRESSION OFFSET', 'IMPRESSION GRAND FORMAT'], 'categories[0][]': ['Impression sur Papier', 'Impression sur Enveloppe', 'Impression sur Calque', 'CV', 'Bloc Note (Int.)'], 'quantities[0][]': ['78', '58', '89', '', '14', '', '', '', '', '', '', '', '', '', '', '', '', '', '', '', '', '', '', '', '125', ''], 'formats[0][]': ['12*85', 'l', '12', '', '55', '', '', '', '', '', '', '', '', '', '', '', '', '', '', '', '', '', '', '', '12*85', ''], 'paper_types[0][]': ['14', '', '', '', '', '', '', '', '', '', '', '', '', '', '', '', '', '', '', '', '', '', '', '', '', ''], 'grammages[0][]': ['', '', '', '', '', '', '', '', '', '', '', '', '', '', '', '', '', '', '', '', '', '', '', '', '', ''], 'recto_versos[0][]': ['R', 'R', 'R', 'R', 'R', 'R', 'R', 'R', 'R', 'R', 'R', 'R', 'R', 'R', 'R', 'R', 'R', 'R', 'R', 'R', 'R', 'R', 'R', 'R', 'R', 'R'], 'cousu[0][]': ['on'], 'pelliculage_brillant[0][]': ['on'], 'categories[1][]': ['Impression sur Bâche', 'Impression sur Vinyle', 'Impression sur Papier', 'Impression sur One Way', 'Impression sur Canvas'], 'quantities[1][]': ['125', '78', '8596', '7415', '455'], 'paragraphs[1][]': ['hjnmhj', 'hjukhjhj', 'hnjhj', 'hjhj', 'hjikhg']}>
Designations: ['IMPRESSION OFFSET', 'IMPRESSION GRAND FORMAT']
Processing designation 0: IMPRESSION OFFSET
Categories for designation 0: ['Impression sur Papier', 'Impression sur Enveloppe', 'Impression sur Calque', 'CV', 'Bloc Note (Int.)']
Category: Impression sur Papier, Quantity: 78
Category: Impression sur Enveloppe, Quantity: 58
Category: Impression sur Calque, Quantity: 89
Category: CV, Quantity: 0
Category: Bloc Note (Int.), Quantity: 14
Processing designation 1: IMPRESSION GRAND FORMAT
Categories for designation 1: ['Impression sur Bâche', 'Impression sur Vinyle', 'Impression sur Papier', 'Impression sur One Way', 'Impression sur Canvas']
Category: Impression sur Bâche, Quantity: 125
Category: Impression sur Vinyle, Quantity: 78
Category: Impression sur Papier, Quantity: 8596
Category: Impression sur One Way, Quantity: 7415
Category: Impression sur Canvas, Quantity: 455
STREAM b'IHDR' 16 13
STREAM b'sRGB' 41 1
STREAM b'gAMA' 54 4
STREAM b'pHYs' 70 9
STREAM b'IDAT' 91 41589
Reading 'maxp' table from disk
Decompiling 'maxp' table
Took 0.000s to load 'maxp'
Took 0.000s to prune 'maxp'
maxp pruned
hdmx dropped
Reading 'cmap' table from disk
Decompiling 'cmap' table
Reading 'post' table from disk
Decompiling 'post' table
Reading 'cmap' table from disk
Decompiling 'cmap' table
Took 0.007s to load 'cmap'
Took 0.000s to prune 'cmap'
cmap pruned
fpgm dropped
prep dropped
cvt  dropped
Took 0.000s to load 'post'
Took 0.000s to prune 'post'
post pruned
GPOS dropped
GSUB dropped
Reading 'glyf' table from disk
Decompiling 'glyf' table
Reading 'loca' table from disk
Decompiling 'loca' table
Reading 'head' table from disk
Decompiling 'head' table
Took 0.002s to load 'glyf'
Took 0.000s to prune 'glyf'
glyf pruned
Took 0.000s to close glyph list over 'cmap'
Added gid0 to subset
Closing glyph list over 'glyf': 40 glyphs before
Glyph names: ['.notdef', 'A', 'C', 'D', 'E', 'F', 'I', 'L', 'M', 'N', 'O', 'P', 'Q', 'R', 'S', 'T', 'V', 'a', 'c', 'colon', 'd', 'degree', 'e', 'eacute', 'f', 'g', 'h', 'hyphen', 'i', 'l', 'm', 'n', 'o', 'p', 'r', 's', 'space', 't', 'u', 'x']
Glyph IDs:   [0, 4, 17, 30, 37, 39, 40, 41, 42, 45, 48, 49, 50, 51, 52, 53, 54, 55, 56, 58, 69, 71, 72, 73, 74, 75, 76, 77, 80, 81, 82, 83, 84, 86, 87, 88, 89, 92, 113, 534]
Closed glyph list over 'glyf': 42 glyphs after
Glyph names: ['.notdef', 'A', 'C', 'D', 'E', 'F', 'I', 'L', 'M', 'N', 'O', 'P', 'Q', 'R', 'S', 'T', 'V', 'a', 'acute', 'c', 'colon', 'd', 'degree', 'e', 'eacute', 'f', 'g', 'h', 'hyphen', 'i', 'l', 'm', 'n', 'o', 'p', 'period', 'r', 's', 'space', 't', 'u', 'x']
Glyph IDs:   [0, 4, 17, 18, 30, 37, 39, 40, 41, 42, 45, 48, 49, 50, 51, 52, 53, 54, 55, 56, 58, 69, 71, 72, 73, 74, 75, 76, 77, 80, 81, 82, 83, 84, 86, 87, 88, 89, 92, 113, 117, 534]
Took 0.001s to close glyph list over 'glyf'
Retaining 42 glyphs
head subsetting not needed
hhea subsetting not needed
maxp subsetting not needed
OS/2 subsetting not needed
Reading 'hmtx' table from disk
Decompiling 'hmtx' table
Reading 'hhea' table from disk
Decompiling 'hhea' table
Took 0.001s to subset 'hmtx'
hmtx subsetted
Took 0.000s to subset 'cmap'
cmap subsetted
loca subsetting not needed
Took 0.000s to subset 'post'
post subsetted
gasp subsetting not needed
Reading 'GDEF' table from disk
Decompiling 'GDEF' table
Took 0.001s to subset 'GDEF'
GDEF subsetted
name subsetting not needed
Took 0.001s to subset 'glyf'
glyf subsetted
Took 0.000s to subset GlyphOrder
Took 0.000s to prune 'head'
head pruned
Reading 'OS/2' table from disk
Decompiling 'OS/2' table
OS/2 Unicode ranges pruned: [0, 1]
OS/2 CodePage ranges pruned: [0]
Took 0.001s to prune 'glyf'
glyf pruned
Took 0.000s to prune 'GDEF'
GDEF pruned
Reading 'name' table from disk
Decompiling 'name' table
Reading 'gasp' table from disk
Decompiling 'gasp' table
Took 0.001s to prune 'name'
name pruned
Compiling 'glyf' table
Writing 'glyf' table to disk
Compiling 'maxp' table
Writing 'maxp' table to disk
Compiling 'loca' table
Writing 'loca' table to disk
Compiling 'head' table
Writing 'head' table to disk
Compiling 'hmtx' table
Writing 'hmtx' table to disk
Compiling 'hhea' table
Writing 'hhea' table to disk
Compiling 'OS/2' table
Writing 'OS/2' table to disk
Compiling 'cmap' table
Writing 'cmap' table to disk
Compiling 'name' table
Writing 'name' table to disk
Compiling 'post' table
Writing 'post' table to disk
Compiling 'gasp' table
Writing 'gasp' table to disk
Compiling 'GDEF' table
Writing 'GDEF' table to disk
Reading 'maxp' table from disk
Decompiling 'maxp' table
Took 0.000s to load 'maxp'
Took 0.000s to prune 'maxp'
maxp pruned
hdmx dropped
Reading 'cmap' table from disk
Decompiling 'cmap' table
Reading 'post' table from disk
Decompiling 'post' table
Reading 'cmap' table from disk
Decompiling 'cmap' table
Took 0.006s to load 'cmap'
Took 0.000s to prune 'cmap'
cmap pruned
fpgm dropped
prep dropped
cvt  dropped
Took 0.000s to load 'post'
Took 0.000s to prune 'post'
post pruned
GPOS dropped
GSUB dropped
Reading 'glyf' table from disk
Decompiling 'glyf' table
Reading 'loca' table from disk
Decompiling 'loca' table
Reading 'head' table from disk
Decompiling 'head' table
Took 0.002s to load 'glyf'
Took 0.000s to prune 'glyf'
glyf pruned
Took 0.000s to close glyph list over 'cmap'
Added gid0 to subset
Closing glyph list over 'glyf': 54 glyphs before
Glyph names: ['.notdef', 'B', 'C', 'E', 'I', 'N', 'O', 'P', 'R', 'V', 'W', 'a', 'acircumflex', 'asterisk', 'at', 'b', 'c', 'd', 'e', 'eacute', 'eight', 'five', 'four', 'g', 'h', 'hyphen', 'i', 'j', 'k', 'l', 'm', 'n', 'nine', 'o', 'one', 'p', 'parenleft', 'parenright', 'period', 'q', 'r', 's', 'seven', 'six', 'slash', 'space', 't', 'three', 'two', 'u', 'v', 'y', 'z', 'zero']
Glyph IDs:   [0, 4, 12, 13, 14, 17, 18, 19, 20, 21, 22, 23, 24, 25, 26, 27, 28, 29, 36, 38, 39, 41, 45, 50, 51, 52, 54, 58, 59, 69, 70, 71, 72, 73, 75, 76, 77, 78, 79, 80, 81, 82, 83, 84, 85, 86, 87, 88, 89, 90, 93, 94, 527, 534]
Closed glyph list over 'glyf': 56 glyphs after
Glyph names: ['.notdef', 'B', 'C', 'E', 'I', 'N', 'O', 'P', 'R', 'V', 'W', 'a', 'acircumflex', 'acute', 'asterisk', 'at', 'b', 'c', 'circumflex', 'd', 'e', 'eacute', 'eight', 'five', 'four', 'g', 'h', 'hyphen', 'i', 'j', 'k', 'l', 'm', 'n', 'nine', 'o', 'one', 'p', 'parenleft', 'parenright', 'period', 'q', 'r', 's', 'seven', 'six', 'slash', 'space', 't', 'three', 'two', 'u', 'v', 'y', 'z', 'zero']
Glyph IDs:   [0, 4, 12, 13, 14, 17, 18, 19, 20, 21, 22, 23, 24, 25, 26, 27, 28, 29, 36, 38, 39, 41, 45, 50, 51, 52, 54, 58, 59, 69, 70, 71, 72, 73, 75, 76, 77, 78, 79, 80, 81, 82, 83, 84, 85, 86, 87, 88, 89, 90, 93, 94, 117, 158, 527, 534]
Took 0.001s to close glyph list over 'glyf'
Retaining 56 glyphs
head subsetting not needed
hhea subsetting not needed
maxp subsetting not needed
OS/2 subsetting not needed
Reading 'hmtx' table from disk
Decompiling 'hmtx' table
Reading 'hhea' table from disk
Decompiling 'hhea' table
Took 0.001s to subset 'hmtx'
hmtx subsetted
Took 0.000s to subset 'cmap'
cmap subsetted
loca subsetting not needed
Took 0.000s to subset 'post'
post subsetted
gasp subsetting not needed
Reading 'GDEF' table from disk
Decompiling 'GDEF' table
Took 0.001s to subset 'GDEF'
GDEF subsetted
name subsetting not needed
Took 0.000s to subset 'glyf'
glyf subsetted
Took 0.000s to subset GlyphOrder
Took 0.000s to prune 'head'
head pruned
Reading 'OS/2' table from disk
Decompiling 'OS/2' table
OS/2 Unicode ranges pruned: [0, 1]
OS/2 CodePage ranges pruned: [0]
Took 0.001s to prune 'glyf'
glyf pruned
Took 0.000s to prune 'GDEF'
GDEF pruned
Reading 'name' table from disk
Decompiling 'name' table
Reading 'gasp' table from disk
Decompiling 'gasp' table
Took 0.001s to prune 'name'
name pruned
Compiling 'glyf' table
Writing 'glyf' table to disk
Compiling 'maxp' table
Writing 'maxp' table to disk
Compiling 'loca' table
Writing 'loca' table to disk
Compiling 'head' table
Writing 'head' table to disk
Compiling 'hmtx' table
Writing 'hmtx' table to disk
Compiling 'hhea' table
Writing 'hhea' table to disk
Compiling 'OS/2' table
Writing 'OS/2' table to disk
Compiling 'cmap' table
Writing 'cmap' table to disk
Compiling 'name' table
Writing 'name' table to disk
Compiling 'post' table
Writing 'post' table to disk
Compiling 'gasp' table
Writing 'gasp' table to disk
Compiling 'GDEF' table
Writing 'GDEF' table to disk
STREAM b'IHDR' 16 13
STREAM b'sRGB' 41 1
STREAM b'gAMA' 54 4
STREAM b'pHYs' 70 9
STREAM b'IDAT' 91 41589
C:\Users\HP\Documents\GitHub\Application-gestion-des-commandes\Gestion_imprimante\Gestion_imprimante\settings.py changed, reloading.
